<?xml version="1.0" encoding="UTF-8"?>
<!-- Generated by org.testng.reporters.JUnitXMLReporter -->
<testsuite hostname="Yutaka" name="Command line test" tests="6" failures="0" timestamp="31 Oct 2015 22:27:31 GMT" time="0.025" errors="0">
  <testcase name="calcPower" time="0.006" classname="com.sqa.ao.assertTests.PowerWithDataProvidertest"/>
  <testcase name="calcPower" time="0.001" classname="com.sqa.ao.assertTests.PowerWithDataProvidertest"/>
  <testcase name="testAssertEqual1" time="0.0" classname="com.sqa.ao.assertTests.TestGroups"/>
  <testcase name="testAssertEqual2" time="0.0" classname="com.sqa.ao.assertTests.TestGroups"/>
  <testcase name="testAssertEqual3" time="0.001" classname="com.sqa.ao.assertTests.TestGroups"/>
  <testcase name="testAssertEqual4" time="0.0" classname="com.sqa.ao.assertTests.TestGroups"/>
</testsuite> <!-- Command line test -->
